node : node:internal/module
s/package_json_reader:255
At line:1 char:1
+ node src/server.js 2>&1 
| Out-File -Encoding utf8 
debug.log; Get-Cont ...
+ ~~~~~~~~~~~~~~~~~~~~~~~
    + CategoryInfo         
     : NotSpecified: (nod  
  e:internal/m...json_re   
 ader:255:String) [], R    
emoteException
    + FullyQualifiedErrorI 
   d : NativeCommandError
 
  throw new ERR_MODULE_NOT_
FOUND(packageName, 
fileURLToPath(base), null);
        ^

Error 
[ERR_MODULE_NOT_FOUND]: 
Cannot find package 
'dayjs' imported from D:\He
althOS\BioPulse\backend\src
\controllers\medicine.contr
oller.js
    at 
Object.getPackageJSONURL (n
ode:internal/modules/packag
e_json_reader:255:9)
    at packageResolve (node
:internal/modules/esm/resol
ve:767:81)
    at moduleResolve (node:
internal/modules/esm/resolv
e:853:18)
    at defaultResolve (node
:internal/modules/esm/resol
ve:983:11)
    at ModuleLoader.default
Resolve (node:internal/modu
les/esm/loader:783:12)
    at 
#cachedDefaultResolve (node
:internal/modules/esm/loade
r:707:25)
    at 
ModuleLoader.resolve (node:
internal/modules/esm/loader
:690:38)
    at ModuleLoader.getModu
leJobForImport (node:intern
al/modules/esm/loader:307:3
8)
    at ModuleJob._link (nod
e:internal/modules/esm/modu
le_job:183:49) {
  code: 
'ERR_MODULE_NOT_FOUND'
}

Node.js v22.18.0
